c:\users\bruna\desktop\tese\cpu_implementation\build5\contrib\freeglut-3.0.0\freeglut_static.dir\release\fg_teapot.obj
c:\users\bruna\desktop\tese\cpu_implementation\build5\contrib\freeglut-3.0.0\freeglut_static.dir\release\fg_structure.obj
c:\users\bruna\desktop\tese\cpu_implementation\build5\contrib\freeglut-3.0.0\freeglut_static.dir\release\fg_stroke_roman.obj
c:\users\bruna\desktop\tese\cpu_implementation\build5\contrib\freeglut-3.0.0\freeglut_static.dir\release\fg_stroke_mono_roman.obj
c:\users\bruna\desktop\tese\cpu_implementation\build5\contrib\freeglut-3.0.0\freeglut_static.dir\release\fg_state.obj
c:\users\bruna\desktop\tese\cpu_implementation\build5\contrib\freeglut-3.0.0\freeglut_static.dir\release\fg_spaceball.obj
c:\users\bruna\desktop\tese\cpu_implementation\build5\contrib\freeglut-3.0.0\freeglut_static.dir\release\fg_overlay.obj
c:\users\bruna\desktop\tese\cpu_implementation\build5\contrib\freeglut-3.0.0\freeglut_static.dir\release\fg_misc.obj
c:\users\bruna\desktop\tese\cpu_implementation\build5\contrib\freeglut-3.0.0\freeglut_static.dir\release\fg_main.obj
c:\users\bruna\desktop\tese\cpu_implementation\build5\contrib\freeglut-3.0.0\freeglut_static.dir\release\fg_joystick.obj
c:\users\bruna\desktop\tese\cpu_implementation\build5\contrib\freeglut-3.0.0\freeglut_static.dir\release\fg_input_devices.obj
c:\users\bruna\desktop\tese\cpu_implementation\build5\contrib\freeglut-3.0.0\freeglut_static.dir\release\fg_init.obj
c:\users\bruna\desktop\tese\cpu_implementation\build5\contrib\freeglut-3.0.0\freeglut_static.dir\release\fg_gl2.obj
c:\users\bruna\desktop\tese\cpu_implementation\build5\contrib\freeglut-3.0.0\freeglut_static.dir\release\fg_geometry.obj
c:\users\bruna\desktop\tese\cpu_implementation\build5\contrib\freeglut-3.0.0\freeglut_static.dir\release\fg_gamemode.obj
c:\users\bruna\desktop\tese\cpu_implementation\build5\contrib\freeglut-3.0.0\freeglut_static.dir\release\fg_font_data.obj
c:\users\bruna\desktop\tese\cpu_implementation\build5\contrib\freeglut-3.0.0\freeglut_static.dir\release\fg_ext.obj
c:\users\bruna\desktop\tese\cpu_implementation\build5\contrib\freeglut-3.0.0\freeglut_static.dir\release\fg_display.obj
c:\users\bruna\desktop\tese\cpu_implementation\build5\contrib\freeglut-3.0.0\freeglut_static.dir\release\fg_cursor.obj
c:\users\bruna\desktop\tese\cpu_implementation\build5\contrib\freeglut-3.0.0\freeglut_static.dir\release\fg_callbacks.obj
c:\users\bruna\desktop\tese\cpu_implementation\build5\contrib\freeglut-3.0.0\freeglut_static.dir\release\xparsegeometry_repl.obj
c:\users\bruna\desktop\tese\cpu_implementation\build5\contrib\freeglut-3.0.0\freeglut_static.dir\release\fg_window_mswin.obj
c:\users\bruna\desktop\tese\cpu_implementation\build5\contrib\freeglut-3.0.0\freeglut_static.dir\release\fg_structure_mswin.obj
c:\users\bruna\desktop\tese\cpu_implementation\build5\contrib\freeglut-3.0.0\freeglut_static.dir\release\fg_state_mswin.obj
c:\users\bruna\desktop\tese\cpu_implementation\build5\contrib\freeglut-3.0.0\freeglut_static.dir\release\fg_spaceball_mswin.obj
c:\users\bruna\desktop\tese\cpu_implementation\build5\contrib\freeglut-3.0.0\freeglut_static.dir\release\fg_menu_mswin.obj
c:\users\bruna\desktop\tese\cpu_implementation\build5\contrib\freeglut-3.0.0\freeglut_static.dir\release\fg_main_mswin.obj
c:\users\bruna\desktop\tese\cpu_implementation\build5\contrib\freeglut-3.0.0\freeglut_static.dir\release\fg_joystick_mswin.obj
c:\users\bruna\desktop\tese\cpu_implementation\build5\contrib\freeglut-3.0.0\freeglut_static.dir\release\fg_input_devices_mswin.obj
c:\users\bruna\desktop\tese\cpu_implementation\build5\contrib\freeglut-3.0.0\freeglut_static.dir\release\fg_init_mswin.obj
c:\users\bruna\desktop\tese\cpu_implementation\build5\contrib\freeglut-3.0.0\freeglut_static.dir\release\fg_gamemode_mswin.obj
c:\users\bruna\desktop\tese\cpu_implementation\build5\contrib\freeglut-3.0.0\freeglut_static.dir\release\fg_ext_mswin.obj
c:\users\bruna\desktop\tese\cpu_implementation\build5\contrib\freeglut-3.0.0\freeglut_static.dir\release\fg_display_mswin.obj
c:\users\bruna\desktop\tese\cpu_implementation\build5\contrib\freeglut-3.0.0\freeglut_static.dir\release\fg_cursor_mswin.obj
c:\users\bruna\desktop\tese\cpu_implementation\build5\contrib\freeglut-3.0.0\freeglut_static.dir\release\fg_menu.obj
c:\users\bruna\desktop\tese\cpu_implementation\build5\contrib\freeglut-3.0.0\freeglut_static.dir\release\fg_font.obj
c:\users\bruna\desktop\tese\cpu_implementation\build5\contrib\freeglut-3.0.0\freeglut_static.dir\release\fg_window.obj
c:\users\bruna\desktop\tese\cpu_implementation\build5\contrib\freeglut-3.0.0\freeglut_static.dir\release\fg_videoresize.obj
c:\users\bruna\desktop\tese\cpu_implementation\build5\contrib\freeglut-3.0.0\cmakefiles\generate.stamp
c:\users\bruna\desktop\tese\cpu_implementation\build5\contrib\freeglut-3.0.0\lib\release\freeglut_static.lib
c:\users\bruna\desktop\tese\cpu_implementation\build5\contrib\freeglut-3.0.0\freeglut_static.dir\release\freeglut.res
c:\users\bruna\desktop\tese\cpu_implementation\build5\contrib\freeglut-3.0.0\freeglut_static.dir\release\freeglut_static.tlog\cl.command.1.tlog
c:\users\bruna\desktop\tese\cpu_implementation\build5\contrib\freeglut-3.0.0\freeglut_static.dir\release\freeglut_static.tlog\cl.read.1.tlog
c:\users\bruna\desktop\tese\cpu_implementation\build5\contrib\freeglut-3.0.0\freeglut_static.dir\release\freeglut_static.tlog\cl.write.1.tlog
c:\users\bruna\desktop\tese\cpu_implementation\build5\contrib\freeglut-3.0.0\freeglut_static.dir\release\freeglut_static.tlog\custombuild.command.1.tlog
c:\users\bruna\desktop\tese\cpu_implementation\build5\contrib\freeglut-3.0.0\freeglut_static.dir\release\freeglut_static.tlog\custombuild.read.1.tlog
c:\users\bruna\desktop\tese\cpu_implementation\build5\contrib\freeglut-3.0.0\freeglut_static.dir\release\freeglut_static.tlog\custombuild.write.1.tlog
c:\users\bruna\desktop\tese\cpu_implementation\build5\contrib\freeglut-3.0.0\freeglut_static.dir\release\freeglut_static.tlog\lib-link-cvtres.read.1.tlog
c:\users\bruna\desktop\tese\cpu_implementation\build5\contrib\freeglut-3.0.0\freeglut_static.dir\release\freeglut_static.tlog\lib-link-cvtres.write.1.tlog
c:\users\bruna\desktop\tese\cpu_implementation\build5\contrib\freeglut-3.0.0\freeglut_static.dir\release\freeglut_static.tlog\lib.command.1.tlog
c:\users\bruna\desktop\tese\cpu_implementation\build5\contrib\freeglut-3.0.0\freeglut_static.dir\release\freeglut_static.tlog\rc.command.1.tlog
c:\users\bruna\desktop\tese\cpu_implementation\build5\contrib\freeglut-3.0.0\freeglut_static.dir\release\freeglut_static.tlog\rc.read.1.tlog
c:\users\bruna\desktop\tese\cpu_implementation\build5\contrib\freeglut-3.0.0\freeglut_static.dir\release\freeglut_static.tlog\rc.write.1.tlog
