c:\users\bruna\desktop\tese\cpu_implementation\build5\demo\demo.dir\debug\vc142.pdb
c:\users\bruna\desktop\tese\cpu_implementation\build5\demo\demo.dir\debug\main.obj
c:\users\bruna\desktop\tese\cpu_implementation\build5\demo\demo.dir\debug\calculos.obj
c:\users\bruna\desktop\tese\cpu_implementation\build5\demo\demo.dir\debug\boat.obj
c:\users\bruna\desktop\tese\cpu_implementation\build5\demo\cmakefiles\generate.stamp
c:\users\bruna\desktop\tese\cpu_implementation\build5\demo\debug\demo.lib
c:\users\bruna\desktop\tese\cpu_implementation\build5\demo\debug\demo.exp
c:\users\bruna\desktop\tese\cpu_implementation\build5\bin\demo.exe
c:\users\bruna\desktop\tese\cpu_implementation\build5\demo\demo.dir\debug\demo.ilk
c:\users\bruna\desktop\tese\cpu_implementation\build5\bin\demo.pdb
c:\users\bruna\desktop\tese\cpu_implementation\build5\demo\demo.dir\debug\demo.tlog\cl.command.1.tlog
c:\users\bruna\desktop\tese\cpu_implementation\build5\demo\demo.dir\debug\demo.tlog\cl.read.1.tlog
c:\users\bruna\desktop\tese\cpu_implementation\build5\demo\demo.dir\debug\demo.tlog\cl.write.1.tlog
c:\users\bruna\desktop\tese\cpu_implementation\build5\demo\demo.dir\debug\demo.tlog\custombuild.command.1.tlog
c:\users\bruna\desktop\tese\cpu_implementation\build5\demo\demo.dir\debug\demo.tlog\custombuild.read.1.tlog
c:\users\bruna\desktop\tese\cpu_implementation\build5\demo\demo.dir\debug\demo.tlog\custombuild.write.1.tlog
c:\users\bruna\desktop\tese\cpu_implementation\build5\demo\demo.dir\debug\demo.tlog\demo.write.1u.tlog
c:\users\bruna\desktop\tese\cpu_implementation\build5\demo\demo.dir\debug\demo.tlog\link.command.1.tlog
c:\users\bruna\desktop\tese\cpu_implementation\build5\demo\demo.dir\debug\demo.tlog\link.read.1.tlog
c:\users\bruna\desktop\tese\cpu_implementation\build5\demo\demo.dir\debug\demo.tlog\link.write.1.tlog
