c:\users\bruna\desktop\tese\cpu_implementation\build5\demo\demo.dir\release\grid.obj
c:\users\bruna\desktop\tese\cpu_implementation\build5\demo\demo.dir\release\boat.obj
c:\users\bruna\desktop\tese\cpu_implementation\build5\demo\demo.dir\release\triangles.obj
c:\users\bruna\desktop\tese\cpu_implementation\build5\demo\demo.dir\release\transformations.obj
c:\users\bruna\desktop\tese\cpu_implementation\build5\demo\demo.dir\release\forces.obj
c:\users\bruna\desktop\tese\cpu_implementation\build5\demo\demo.dir\release\drawings.obj
c:\users\bruna\desktop\tese\cpu_implementation\build5\demo\demo.dir\release\calculos.obj
c:\users\bruna\desktop\tese\cpu_implementation\build5\demo\demo.dir\release\algorithm.obj
c:\users\bruna\desktop\tese\cpu_implementation\build5\demo\demo.dir\release\main.obj
c:\users\bruna\desktop\tese\cpu_implementation\build5\demo\cmakefiles\generate.stamp
c:\users\bruna\desktop\tese\cpu_implementation\build5\demo\release\demo.lib
c:\users\bruna\desktop\tese\cpu_implementation\build5\demo\release\demo.exp
c:\users\bruna\desktop\tese\cpu_implementation\build5\bin\demo.exe
c:\users\bruna\desktop\tese\cpu_implementation\build5\demo\demo.dir\release\demo.tlog\cl.command.1.tlog
c:\users\bruna\desktop\tese\cpu_implementation\build5\demo\demo.dir\release\demo.tlog\cl.read.1.tlog
c:\users\bruna\desktop\tese\cpu_implementation\build5\demo\demo.dir\release\demo.tlog\cl.write.1.tlog
c:\users\bruna\desktop\tese\cpu_implementation\build5\demo\demo.dir\release\demo.tlog\custombuild.command.1.tlog
c:\users\bruna\desktop\tese\cpu_implementation\build5\demo\demo.dir\release\demo.tlog\custombuild.read.1.tlog
c:\users\bruna\desktop\tese\cpu_implementation\build5\demo\demo.dir\release\demo.tlog\custombuild.write.1.tlog
c:\users\bruna\desktop\tese\cpu_implementation\build5\demo\demo.dir\release\demo.tlog\demo.write.1u.tlog
c:\users\bruna\desktop\tese\cpu_implementation\build5\demo\demo.dir\release\demo.tlog\link.command.1.tlog
c:\users\bruna\desktop\tese\cpu_implementation\build5\demo\demo.dir\release\demo.tlog\link.read.1.tlog
c:\users\bruna\desktop\tese\cpu_implementation\build5\demo\demo.dir\release\demo.tlog\link.write.1.tlog
