  algorithm.cpp
  Boat.cpp
  calculos.cpp
  drawings.cpp
..\..\source_final_cpu\drawings.cpp(8,33): warning C4244: 'argument': conversion from 'double' to 'GLfloat', possible loss of data
..\..\source_final_cpu\drawings.cpp(8,26): warning C4244: 'argument': conversion from 'double' to 'GLfloat', possible loss of data
..\..\source_final_cpu\drawings.cpp(8,19): warning C4244: 'argument': conversion from 'double' to 'GLfloat', possible loss of data
..\..\source_final_cpu\drawings.cpp(9,33): warning C4244: 'argument': conversion from 'double' to 'GLfloat', possible loss of data
..\..\source_final_cpu\drawings.cpp(9,26): warning C4244: 'argument': conversion from 'double' to 'GLfloat', possible loss of data
..\..\source_final_cpu\drawings.cpp(9,19): warning C4244: 'argument': conversion from 'double' to 'GLfloat', possible loss of data
..\..\source_final_cpu\drawings.cpp(10,33): warning C4244: 'argument': conversion from 'double' to 'GLfloat', possible loss of data
..\..\source_final_cpu\drawings.cpp(10,26): warning C4244: 'argument': conversion from 'double' to 'GLfloat', possible loss of data
..\..\source_final_cpu\drawings.cpp(10,19): warning C4244: 'argument': conversion from 'double' to 'GLfloat', possible loss of data
..\..\source_final_cpu\drawings.cpp(18,33): warning C4244: 'argument': conversion from 'double' to 'GLfloat', possible loss of data
..\..\source_final_cpu\drawings.cpp(18,26): warning C4244: 'argument': conversion from 'double' to 'GLfloat', possible loss of data
..\..\source_final_cpu\drawings.cpp(18,19): warning C4244: 'argument': conversion from 'double' to 'GLfloat', possible loss of data
..\..\source_final_cpu\drawings.cpp(19,33): warning C4244: 'argument': conversion from 'double' to 'GLfloat', possible loss of data
..\..\source_final_cpu\drawings.cpp(19,26): warning C4244: 'argument': conversion from 'double' to 'GLfloat', possible loss of data
..\..\source_final_cpu\drawings.cpp(19,19): warning C4244: 'argument': conversion from 'double' to 'GLfloat', possible loss of data
..\..\source_final_cpu\drawings.cpp(20,33): warning C4244: 'argument': conversion from 'double' to 'GLfloat', possible loss of data
..\..\source_final_cpu\drawings.cpp(20,26): warning C4244: 'argument': conversion from 'double' to 'GLfloat', possible loss of data
..\..\source_final_cpu\drawings.cpp(20,19): warning C4244: 'argument': conversion from 'double' to 'GLfloat', possible loss of data
  forces.cpp
  Grid.cpp
..\..\source_final_cpu\Grid.cpp(42,8): warning C4244: 'initializing': conversion from 'double' to 'int', possible loss of data
..\..\source_final_cpu\Grid.cpp(43,8): warning C4244: 'initializing': conversion from 'double' to 'int', possible loss of data
..\..\source_final_cpu\Grid.cpp(110,32): warning C4244: 'argument': conversion from 'double' to 'GLfloat', possible loss of data
..\..\source_final_cpu\Grid.cpp(110,25): warning C4244: 'argument': conversion from 'double' to 'GLfloat', possible loss of data
..\..\source_final_cpu\Grid.cpp(110,18): warning C4244: 'argument': conversion from 'double' to 'GLfloat', possible loss of data
..\..\source_final_cpu\Grid.cpp(111,32): warning C4244: 'argument': conversion from 'double' to 'GLfloat', possible loss of data
..\..\source_final_cpu\Grid.cpp(111,25): warning C4244: 'argument': conversion from 'double' to 'GLfloat', possible loss of data
..\..\source_final_cpu\Grid.cpp(111,18): warning C4244: 'argument': conversion from 'double' to 'GLfloat', possible loss of data
..\..\source_final_cpu\Grid.cpp(112,32): warning C4244: 'argument': conversion from 'double' to 'GLfloat', possible loss of data
..\..\source_final_cpu\Grid.cpp(112,25): warning C4244: 'argument': conversion from 'double' to 'GLfloat', possible loss of data
..\..\source_final_cpu\Grid.cpp(112,18): warning C4244: 'argument': conversion from 'double' to 'GLfloat', possible loss of data
..\..\source_final_cpu\Grid.cpp(120,32): warning C4244: 'argument': conversion from 'double' to 'GLfloat', possible loss of data
..\..\source_final_cpu\Grid.cpp(120,25): warning C4244: 'argument': conversion from 'double' to 'GLfloat', possible loss of data
..\..\source_final_cpu\Grid.cpp(120,18): warning C4244: 'argument': conversion from 'double' to 'GLfloat', possible loss of data
..\..\source_final_cpu\Grid.cpp(121,32): warning C4244: 'argument': conversion from 'double' to 'GLfloat', possible loss of data
..\..\source_final_cpu\Grid.cpp(121,25): warning C4244: 'argument': conversion from 'double' to 'GLfloat', possible loss of data
..\..\source_final_cpu\Grid.cpp(121,18): warning C4244: 'argument': conversion from 'double' to 'GLfloat', possible loss of data
..\..\source_final_cpu\Grid.cpp(122,32): warning C4244: 'argument': conversion from 'double' to 'GLfloat', possible loss of data
..\..\source_final_cpu\Grid.cpp(122,25): warning C4244: 'argument': conversion from 'double' to 'GLfloat', possible loss of data
..\..\source_final_cpu\Grid.cpp(122,18): warning C4244: 'argument': conversion from 'double' to 'GLfloat', possible loss of data
  main.cpp
..\..\source_final_cpu\main.cpp(201,24): warning C4305: 'argument': truncation from 'double' to 'GLfloat'
  transformations.cpp
  triangles.cpp
  Generating Code...
     Creating library C:/Users/Bruna/Desktop/TESE/CPU_implementation/build1/demo/Release/demo.lib and object C:/Users/Bruna/Desktop/TESE/CPU_implementation/build1/demo/Release/demo.exp
  demo.vcxproj -> C:\Users\Bruna\Desktop\TESE\CPU_implementation\build1\bin\demo.exe
