c:\users\bruna\desktop\tese\cpu_implementation\build5\contrib\assimp3.3.1\code\assimp.dir\release\ifcreadergen.obj
c:\users\bruna\desktop\tese\cpu_implementation\build5\contrib\assimp3.3.1\code\assimp.dir\release\scenecombiner.obj
c:\users\bruna\desktop\tese\cpu_implementation\build5\contrib\assimp3.3.1\code\assimp.dir\release\findinstancesprocess.obj
c:\users\bruna\desktop\tese\cpu_implementation\build5\contrib\assimp3.3.1\code\assimp.dir\release\splitlargemeshes.obj
c:\users\bruna\desktop\tese\cpu_implementation\build5\contrib\assimp3.3.1\code\assimp.dir\release\3dsexporter.obj
c:\users\bruna\desktop\tese\cpu_implementation\build5\contrib\assimp3.3.1\code\assimp.dir\release\hmploader.obj
c:\users\bruna\desktop\tese\cpu_implementation\build5\contrib\assimp3.3.1\code\assimp.dir\release\lwsloader.obj
c:\users\bruna\desktop\tese\cpu_implementation\build5\contrib\assimp3.3.1\code\assimp.dir\release\ogrexmlserializer.obj
c:\users\bruna\desktop\tese\cpu_implementation\build5\contrib\assimp3.3.1\code\assimp.dir\release\ifcutil.obj
c:\users\bruna\desktop\tese\cpu_implementation\build5\contrib\assimp3.3.1\code\assimp.dir\release\fbxconverter.obj
c:\users\bruna\desktop\tese\cpu_implementation\build5\contrib\assimp3.3.1\code\assimp.dir\release\advancing_front.obj
c:\users\bruna\desktop\tese\cpu_implementation\build5\contrib\assimp3.3.1\code\assimp.dir\release\sweep_context.obj
c:\users\bruna\desktop\tese\cpu_implementation\build5\contrib\assimp3.3.1\code\assimp.dir\release\poststepregistry.obj
c:\users\bruna\desktop\tese\cpu_implementation\build5\contrib\assimp3.3.1\code\assimp.dir\release\removecomments.obj
c:\users\bruna\desktop\tese\cpu_implementation\build5\contrib\assimp3.3.1\code\assimp.dir\release\assimpcexport.obj
c:\users\bruna\desktop\tese\cpu_implementation\build5\contrib\assimp3.3.1\code\assimp.dir\release\genfacenormalsprocess.obj
c:\users\bruna\desktop\tese\cpu_implementation\build5\contrib\assimp3.3.1\code\assimp.dir\release\removevcprocess.obj
c:\users\bruna\desktop\tese\cpu_implementation\build5\contrib\assimp3.3.1\code\assimp.dir\release\optimizemeshes.obj
c:\users\bruna\desktop\tese\cpu_implementation\build5\contrib\assimp3.3.1\code\assimp.dir\release\aseloader.obj
c:\users\bruna\desktop\tese\cpu_implementation\build5\contrib\assimp3.3.1\code\assimp.dir\release\irrloader.obj
c:\users\bruna\desktop\tese\cpu_implementation\build5\contrib\assimp3.3.1\code\assimp.dir\release\objfilemtlimporter.obj
c:\users\bruna\desktop\tese\cpu_implementation\build5\contrib\assimp3.3.1\code\assimp.dir\release\plyloader.obj
c:\users\bruna\desktop\tese\cpu_implementation\build5\contrib\assimp3.3.1\code\assimp.dir\release\blendermodifier.obj
c:\users\bruna\desktop\tese\cpu_implementation\build5\contrib\assimp3.3.1\code\assimp.dir\release\ifcprofile.obj
c:\users\bruna\desktop\tese\cpu_implementation\build5\contrib\assimp3.3.1\code\assimp.dir\release\fbxproperties.obj
c:\users\bruna\desktop\tese\cpu_implementation\build5\contrib\assimp3.3.1\code\assimp.dir\release\q3bspfileimporter.obj
c:\users\bruna\desktop\tese\cpu_implementation\build5\contrib\assimp3.3.1\code\assimp.dir\release\d3mfopcpackage.obj
c:\users\bruna\desktop\tese\cpu_implementation\build5\contrib\assimp3.3.1\code\assimp.dir\release\openddlparser.obj
c:\users\bruna\desktop\tese\cpu_implementation\build5\contrib\assimp3.3.1\code\assimp.dir\release\sgspatialsort.obj
c:\users\bruna\desktop\tese\cpu_implementation\build5\contrib\assimp3.3.1\code\assimp.dir\release\standardshapes.obj
c:\users\bruna\desktop\tese\cpu_implementation\build5\contrib\assimp3.3.1\code\assimp.dir\release\improvecachelocality.obj
c:\users\bruna\desktop\tese\cpu_implementation\build5\contrib\assimp3.3.1\code\assimp.dir\release\validatedatastructure.obj
c:\users\bruna\desktop\tese\cpu_implementation\build5\contrib\assimp3.3.1\code\assimp.dir\release\aseparser.obj
c:\users\bruna\desktop\tese\cpu_implementation\build5\contrib\assimp3.3.1\code\assimp.dir\release\lwobloader.obj
c:\users\bruna\desktop\tese\cpu_implementation\build5\contrib\assimp3.3.1\code\assimp.dir\release\md5loader.obj
c:\users\bruna\desktop\tese\cpu_implementation\build5\contrib\assimp3.3.1\code\assimp.dir\release\objfileimporter.obj
c:\users\bruna\desktop\tese\cpu_implementation\build5\contrib\assimp3.3.1\code\assimp.dir\release\ogrematerial.obj
c:\users\bruna\desktop\tese\cpu_implementation\build5\contrib\assimp3.3.1\code\assimp.dir\release\ifcgeometry.obj
c:\users\bruna\desktop\tese\cpu_implementation\build5\contrib\assimp3.3.1\code\assimp.dir\release\fbxmeshgeometry.obj
c:\users\bruna\desktop\tese\cpu_implementation\build5\contrib\assimp3.3.1\code\assimp.dir\release\stlloader.obj
c:\users\bruna\desktop\tese\cpu_implementation\build5\contrib\assimp3.3.1\code\assimp.dir\release\irrxml.obj
c:\users\bruna\desktop\tese\cpu_implementation\build5\contrib\assimp3.3.1\code\assimp.dir\release\sweep.obj
c:\users\bruna\desktop\tese\cpu_implementation\build5\contrib\assimp3.3.1\code\assimp.dir\release\vertextriangleadjacency.obj
c:\users\bruna\desktop\tese\cpu_implementation\build5\contrib\assimp3.3.1\code\assimp.dir\release\splitbybonecountprocess.obj
c:\users\bruna\desktop\tese\cpu_implementation\build5\contrib\assimp3.3.1\code\assimp.dir\release\finddegenerates.obj
c:\users\bruna\desktop\tese\cpu_implementation\build5\contrib\assimp3.3.1\code\assimp.dir\release\sortbyptypeprocess.obj
c:\users\bruna\desktop\tese\cpu_implementation\build5\contrib\assimp3.3.1\code\assimp.dir\release\stepexporter.obj
c:\users\bruna\desktop\tese\cpu_implementation\build5\contrib\assimp3.3.1\code\assimp.dir\release\irrmeshloader.obj
c:\users\bruna\desktop\tese\cpu_implementation\build5\contrib\assimp3.3.1\code\assimp.dir\release\ndoloader.obj
c:\users\bruna\desktop\tese\cpu_implementation\build5\contrib\assimp3.3.1\code\assimp.dir\release\opengexexporter.obj
c:\users\bruna\desktop\tese\cpu_implementation\build5\contrib\assimp3.3.1\code\assimp.dir\release\plyparser.obj
c:\users\bruna\desktop\tese\cpu_implementation\build5\contrib\assimp3.3.1\code\assimp.dir\release\blenderscene.obj
c:\users\bruna\desktop\tese\cpu_implementation\build5\contrib\assimp3.3.1\code\assimp.dir\release\fbxparser.obj
c:\users\bruna\desktop\tese\cpu_implementation\build5\contrib\assimp3.3.1\code\assimp.dir\release\fbxanimation.obj
c:\users\bruna\desktop\tese\cpu_implementation\build5\contrib\assimp3.3.1\code\assimp.dir\release\rawloader.obj
c:\users\bruna\desktop\tese\cpu_implementation\build5\contrib\assimp3.3.1\code\assimp.dir\release\shapes.obj
c:\users\bruna\desktop\tese\cpu_implementation\build5\contrib\assimp3.3.1\code\assimp.dir\release\ddlnode.obj
c:\users\bruna\desktop\tese\cpu_implementation\build5\contrib\assimp3.3.1\code\assimp.dir\release\baseprocess.obj
c:\users\bruna\desktop\tese\cpu_implementation\build5\contrib\assimp3.3.1\code\assimp.dir\release\targetanimation.obj
c:\users\bruna\desktop\tese\cpu_implementation\build5\contrib\assimp3.3.1\code\assimp.dir\release\converttolhprocess.obj
c:\users\bruna\desktop\tese\cpu_implementation\build5\contrib\assimp3.3.1\code\assimp.dir\release\findinvaliddataprocess.obj
c:\users\bruna\desktop\tese\cpu_implementation\build5\contrib\assimp3.3.1\code\assimp.dir\release\triangulateprocess.obj
c:\users\bruna\desktop\tese\cpu_implementation\build5\contrib\assimp3.3.1\code\assimp.dir\release\3dsloader.obj
c:\users\bruna\desktop\tese\cpu_implementation\build5\contrib\assimp3.3.1\code\assimp.dir\release\colladaexporter.obj
c:\users\bruna\desktop\tese\cpu_implementation\build5\contrib\assimp3.3.1\code\assimp.dir\release\offloader.obj
c:\users\bruna\desktop\tese\cpu_implementation\build5\contrib\assimp3.3.1\code\assimp.dir\release\ogrebinaryserializer.obj
c:\users\bruna\desktop\tese\cpu_implementation\build5\contrib\assimp3.3.1\code\assimp.dir\release\blenderbmesh.obj
c:\users\bruna\desktop\tese\cpu_implementation\build5\contrib\assimp3.3.1\code\assimp.dir\release\ifcopenings.obj
c:\users\bruna\desktop\tese\cpu_implementation\build5\contrib\assimp3.3.1\code\assimp.dir\release\xfileparser.obj
c:\users\bruna\desktop\tese\cpu_implementation\build5\contrib\assimp3.3.1\code\assimp.dir\release\spatialsort.obj
c:\users\bruna\desktop\tese\cpu_implementation\build5\contrib\assimp3.3.1\code\assimp.dir\release\scenepreprocessor.obj
c:\users\bruna\desktop\tese\cpu_implementation\build5\contrib\assimp3.3.1\code\assimp.dir\release\defaultlogger.obj
c:\users\bruna\desktop\tese\cpu_implementation\build5\contrib\assimp3.3.1\code\assimp.dir\release\limitboneweightsprocess.obj
c:\users\bruna\desktop\tese\cpu_implementation\build5\contrib\assimp3.3.1\code\assimp.dir\release\makeverboseformat.obj
c:\users\bruna\desktop\tese\cpu_implementation\build5\contrib\assimp3.3.1\code\assimp.dir\release\acloader.obj
c:\users\bruna\desktop\tese\cpu_implementation\build5\contrib\assimp3.3.1\code\assimp.dir\release\lwoanimation.obj
c:\users\bruna\desktop\tese\cpu_implementation\build5\contrib\assimp3.3.1\code\assimp.dir\release\md3loader.obj
c:\users\bruna\desktop\tese\cpu_implementation\build5\contrib\assimp3.3.1\code\assimp.dir\release\ms3dloader.obj
c:\users\bruna\desktop\tese\cpu_implementation\build5\contrib\assimp3.3.1\code\assimp.dir\release\ifcmaterial.obj
c:\users\bruna\desktop\tese\cpu_implementation\build5\contrib\assimp3.3.1\code\assimp.dir\release\fbxmaterial.obj
c:\users\bruna\desktop\tese\cpu_implementation\build5\contrib\assimp3.3.1\code\assimp.dir\release\sibimporter.obj
c:\users\bruna\desktop\tese\cpu_implementation\build5\contrib\assimp3.3.1\code\assimp.dir\release\cdt.obj
c:\users\bruna\desktop\tese\cpu_implementation\build5\contrib\assimp3.3.1\code\assimp.dir\release\clipper.obj
c:\users\bruna\desktop\tese\cpu_implementation\build5\contrib\assimp3.3.1\code\assimp.dir\release\assimp.obj
c:\users\bruna\desktop\tese\cpu_implementation\build5\contrib\assimp3.3.1\code\assimp.dir\release\bitmap.obj
c:\users\bruna\desktop\tese\cpu_implementation\build5\contrib\assimp3.3.1\code\assimp.dir\release\exporter.obj
c:\users\bruna\desktop\tese\cpu_implementation\build5\contrib\assimp3.3.1\code\assimp.dir\release\joinverticesprocess.obj
c:\users\bruna\desktop\tese\cpu_implementation\build5\contrib\assimp3.3.1\code\assimp.dir\release\deboneprocess.obj
c:\users\bruna\desktop\tese\cpu_implementation\build5\contrib\assimp3.3.1\code\assimp.dir\release\assxmlexporter.obj
c:\users\bruna\desktop\tese\cpu_implementation\build5\contrib\assimp3.3.1\code\assimp.dir\release\csmloader.obj
c:\users\bruna\desktop\tese\cpu_implementation\build5\contrib\assimp3.3.1\code\assimp.dir\release\lwomaterial.obj
c:\users\bruna\desktop\tese\cpu_implementation\build5\contrib\assimp3.3.1\code\assimp.dir\release\mdcloader.obj
c:\users\bruna\desktop\tese\cpu_implementation\build5\contrib\assimp3.3.1\code\assimp.dir\release\ogreimporter.obj
c:\users\bruna\desktop\tese\cpu_implementation\build5\contrib\assimp3.3.1\code\assimp.dir\release\plyexporter.obj
c:\users\bruna\desktop\tese\cpu_implementation\build5\contrib\assimp3.3.1\code\assimp.dir\release\blendertessellator.obj
c:\users\bruna\desktop\tese\cpu_implementation\build5\contrib\assimp3.3.1\code\assimp.dir\release\stepfilereader.obj
c:\users\bruna\desktop\tese\cpu_implementation\build5\contrib\assimp3.3.1\code\assimp.dir\release\fbxutil.obj
c:\users\bruna\desktop\tese\cpu_implementation\build5\contrib\assimp3.3.1\code\assimp.dir\release\fbxnodeattribute.obj
c:\users\bruna\desktop\tese\cpu_implementation\build5\contrib\assimp3.3.1\code\assimp.dir\release\smdloader.obj
c:\users\bruna\desktop\tese\cpu_implementation\build5\contrib\assimp3.3.1\code\assimp.dir\release\d3mfimporter.obj
c:\users\bruna\desktop\tese\cpu_implementation\build5\contrib\assimp3.3.1\code\assimp.dir\release\value.obj
c:\users\bruna\desktop\tese\cpu_implementation\build5\contrib\assimp3.3.1\code\assimp.dir\release\defaultiostream.obj
c:\users\bruna\desktop\tese\cpu_implementation\build5\contrib\assimp3.3.1\code\assimp.dir\release\skeletonmeshbuilder.obj
c:\users\bruna\desktop\tese\cpu_implementation\build5\contrib\assimp3.3.1\code\assimp.dir\release\calctangentsprocess.obj
c:\users\bruna\desktop\tese\cpu_implementation\build5\contrib\assimp3.3.1\code\assimp.dir\release\removeredundantmaterials.obj
c:\users\bruna\desktop\tese\cpu_implementation\build5\contrib\assimp3.3.1\code\assimp.dir\release\materialsystem.obj
c:\users\bruna\desktop\tese\cpu_implementation\build5\contrib\assimp3.3.1\code\assimp.dir\release\assbinloader.obj
c:\users\bruna\desktop\tese\cpu_implementation\build5\contrib\assimp3.3.1\code\assimp.dir\release\colladaloader.obj
c:\users\bruna\desktop\tese\cpu_implementation\build5\contrib\assimp3.3.1\code\assimp.dir\release\mdlloader.obj
c:\users\bruna\desktop\tese\cpu_implementation\build5\contrib\assimp3.3.1\code\assimp.dir\release\opengeximporter.obj
c:\users\bruna\desktop\tese\cpu_implementation\build5\contrib\assimp3.3.1\code\assimp.dir\release\ifcloader.obj
c:\users\bruna\desktop\tese\cpu_implementation\build5\contrib\assimp3.3.1\code\assimp.dir\release\fbxdeformer.obj
c:\users\bruna\desktop\tese\cpu_implementation\build5\contrib\assimp3.3.1\code\assimp.dir\release\q3bspziparchive.obj
c:\users\bruna\desktop\tese\cpu_implementation\build5\contrib\assimp3.3.1\code\assimp.dir\release\unrealloader.obj
c:\users\bruna\desktop\tese\cpu_implementation\build5\contrib\assimp3.3.1\code\assimp.dir\release\openddlcommon.obj
c:\users\bruna\desktop\tese\cpu_implementation\build5\contrib\assimp3.3.1\code\assimp.dir\release\defaultiosystem.obj
c:\users\bruna\desktop\tese\cpu_implementation\build5\contrib\assimp3.3.1\code\assimp.dir\release\subdivision.obj
c:\users\bruna\desktop\tese\cpu_implementation\build5\contrib\assimp3.3.1\code\assimp.dir\release\optimizegraph.obj
c:\users\bruna\desktop\tese\cpu_implementation\build5\contrib\assimp3.3.1\code\assimp.dir\release\bvhloader.obj
c:\users\bruna\desktop\tese\cpu_implementation\build5\contrib\assimp3.3.1\code\assimp.dir\release\lwoloader.obj
c:\users\bruna\desktop\tese\cpu_implementation\build5\contrib\assimp3.3.1\code\assimp.dir\release\objfileparser.obj
c:\users\bruna\desktop\tese\cpu_implementation\build5\contrib\assimp3.3.1\code\assimp.dir\release\blenderloader.obj
c:\users\bruna\desktop\tese\cpu_implementation\build5\contrib\assimp3.3.1\code\assimp.dir\release\stepfileencoding.obj
c:\users\bruna\desktop\tese\cpu_implementation\build5\contrib\assimp3.3.1\code\assimp.dir\release\xglloader.obj
c:\users\bruna\desktop\tese\cpu_implementation\build5\contrib\assimp3.3.1\code\assimp.dir\release\fbxdocumentutil.obj
c:\users\bruna\desktop\tese\cpu_implementation\build5\contrib\assimp3.3.1\code\assimp.dir\release\xfileimporter.obj
c:\users\bruna\desktop\tese\cpu_implementation\build5\contrib\assimp3.3.1\code\assimp.dir\release\openddlexport.obj
c:\users\bruna\desktop\tese\cpu_implementation\build5\contrib\assimp3.3.1\code\assimp.dir\release\baseimporter.obj
c:\users\bruna\desktop\tese\cpu_implementation\build5\contrib\assimp3.3.1\code\assimp.dir\release\version.obj
c:\users\bruna\desktop\tese\cpu_implementation\build5\contrib\assimp3.3.1\code\assimp.dir\release\computeuvmappingprocess.obj
c:\users\bruna\desktop\tese\cpu_implementation\build5\contrib\assimp3.3.1\code\assimp.dir\release\pretransformvertices.obj
c:\users\bruna\desktop\tese\cpu_implementation\build5\contrib\assimp3.3.1\code\assimp.dir\release\3dsconverter.obj
c:\users\bruna\desktop\tese\cpu_implementation\build5\contrib\assimp3.3.1\code\assimp.dir\release\colladaparser.obj
c:\users\bruna\desktop\tese\cpu_implementation\build5\contrib\assimp3.3.1\code\assimp.dir\release\nffloader.obj
c:\users\bruna\desktop\tese\cpu_implementation\build5\contrib\assimp3.3.1\code\assimp.dir\release\fbximporter.obj
c:\users\bruna\desktop\tese\cpu_implementation\build5\contrib\assimp3.3.1\code\assimp.dir\release\fbxdocument.obj
c:\users\bruna\desktop\tese\cpu_implementation\build5\contrib\assimp3.3.1\code\assimp.dir\release\stlexporter.obj
c:\users\bruna\desktop\tese\cpu_implementation\build5\contrib\assimp3.3.1\code\assimp.dir\release\gltfexporter.obj
c:\users\bruna\desktop\tese\cpu_implementation\build5\contrib\assimp3.3.1\code\assimp.dir\release\importerregistry.obj
c:\users\bruna\desktop\tese\cpu_implementation\build5\contrib\assimp3.3.1\code\assimp.dir\release\fixnormalsstep.obj
c:\users\bruna\desktop\tese\cpu_implementation\build5\contrib\assimp3.3.1\code\assimp.dir\release\texturetransform.obj
c:\users\bruna\desktop\tese\cpu_implementation\build5\contrib\assimp3.3.1\code\assimp.dir\release\assbinexporter.obj
c:\users\bruna\desktop\tese\cpu_implementation\build5\contrib\assimp3.3.1\code\assimp.dir\release\dxfloader.obj
c:\users\bruna\desktop\tese\cpu_implementation\build5\contrib\assimp3.3.1\code\assimp.dir\release\md5parser.obj
c:\users\bruna\desktop\tese\cpu_implementation\build5\contrib\assimp3.3.1\code\assimp.dir\release\ogrestructs.obj
c:\users\bruna\desktop\tese\cpu_implementation\build5\contrib\assimp3.3.1\code\assimp.dir\release\blenderdna.obj
c:\users\bruna\desktop\tese\cpu_implementation\build5\contrib\assimp3.3.1\code\assimp.dir\release\ifcboolean.obj
c:\users\bruna\desktop\tese\cpu_implementation\build5\contrib\assimp3.3.1\code\assimp.dir\release\fbxbinarytokenizer.obj
c:\users\bruna\desktop\tese\cpu_implementation\build5\contrib\assimp3.3.1\code\assimp.dir\release\q3dloader.obj
c:\users\bruna\desktop\tese\cpu_implementation\build5\contrib\assimp3.3.1\code\assimp.dir\release\xfileexporter.obj
c:\users\bruna\desktop\tese\cpu_implementation\build5\contrib\assimp3.3.1\code\assimp.dir\release\importer.obj
c:\users\bruna\desktop\tese\cpu_implementation\build5\contrib\assimp3.3.1\code\assimp.dir\release\genvertexnormalsprocess.obj
c:\users\bruna\desktop\tese\cpu_implementation\build5\contrib\assimp3.3.1\code\assimp.dir\release\processhelper.obj
c:\users\bruna\desktop\tese\cpu_implementation\build5\contrib\assimp3.3.1\code\assimp.dir\release\b3dimporter.obj
c:\users\bruna\desktop\tese\cpu_implementation\build5\contrib\assimp3.3.1\code\assimp.dir\release\irrshared.obj
c:\users\bruna\desktop\tese\cpu_implementation\build5\contrib\assimp3.3.1\code\assimp.dir\release\md2loader.obj
c:\users\bruna\desktop\tese\cpu_implementation\build5\contrib\assimp3.3.1\code\assimp.dir\release\mdlmaterialloader.obj
c:\users\bruna\desktop\tese\cpu_implementation\build5\contrib\assimp3.3.1\code\assimp.dir\release\objexporter.obj
c:\users\bruna\desktop\tese\cpu_implementation\build5\contrib\assimp3.3.1\code\assimp.dir\release\cobloader.obj
c:\users\bruna\desktop\tese\cpu_implementation\build5\contrib\assimp3.3.1\code\assimp.dir\release\ifccurve.obj
c:\users\bruna\desktop\tese\cpu_implementation\build5\contrib\assimp3.3.1\code\assimp.dir\release\fbxtokenizer.obj
c:\users\bruna\desktop\tese\cpu_implementation\build5\contrib\assimp3.3.1\code\assimp.dir\release\fbxmodel.obj
c:\users\bruna\desktop\tese\cpu_implementation\build5\contrib\assimp3.3.1\code\assimp.dir\release\q3bspfileparser.obj
c:\users\bruna\desktop\tese\cpu_implementation\build5\contrib\assimp3.3.1\code\assimp.dir\release\terragenloader.obj
c:\users\bruna\desktop\tese\cpu_implementation\build5\contrib\assimp3.3.1\code\assimp.dir\release\gltfimporter.obj
c:\users\bruna\desktop\tese\cpu_implementation\build5\contrib\assimp3.3.1\code\assimp.dir\release\ioapi.obj
c:\users\bruna\desktop\tese\cpu_implementation\build5\contrib\assimp3.3.1\code\assimp.dir\release\unzip.obj
c:\users\bruna\desktop\tese\cpu_implementation\build5\contrib\assimp3.3.1\code\assimp.dir\release\convertutf.obj
c:\users\bruna\desktop\tese\cpu_implementation\build5\contrib\assimp3.3.1\code\cmakefiles\generate.stamp
c:\users\bruna\desktop\tese\cpu_implementation\build5\contrib\assimp3.3.1\code\release\assimp-vc140-mt.lib
c:\users\bruna\desktop\tese\cpu_implementation\build5\contrib\assimp3.3.1\code\assimp.dir\release\assimp.tlog\cl.command.1.tlog
c:\users\bruna\desktop\tese\cpu_implementation\build5\contrib\assimp3.3.1\code\assimp.dir\release\assimp.tlog\cl.read.1.tlog
c:\users\bruna\desktop\tese\cpu_implementation\build5\contrib\assimp3.3.1\code\assimp.dir\release\assimp.tlog\cl.write.1.tlog
c:\users\bruna\desktop\tese\cpu_implementation\build5\contrib\assimp3.3.1\code\assimp.dir\release\assimp.tlog\custombuild.command.1.tlog
c:\users\bruna\desktop\tese\cpu_implementation\build5\contrib\assimp3.3.1\code\assimp.dir\release\assimp.tlog\custombuild.read.1.tlog
c:\users\bruna\desktop\tese\cpu_implementation\build5\contrib\assimp3.3.1\code\assimp.dir\release\assimp.tlog\custombuild.write.1.tlog
c:\users\bruna\desktop\tese\cpu_implementation\build5\contrib\assimp3.3.1\code\assimp.dir\release\assimp.tlog\lib-link.read.1.tlog
c:\users\bruna\desktop\tese\cpu_implementation\build5\contrib\assimp3.3.1\code\assimp.dir\release\assimp.tlog\lib-link.write.1.tlog
c:\users\bruna\desktop\tese\cpu_implementation\build5\contrib\assimp3.3.1\code\assimp.dir\release\assimp.tlog\lib.command.1.tlog
