c:\users\bruna\desktop\tese\cpu_implementation\build5\contrib\assimp3.3.1\contrib\zlib\zlibstatic.dir\release\compress.obj
c:\users\bruna\desktop\tese\cpu_implementation\build5\contrib\assimp3.3.1\contrib\zlib\zlibstatic.dir\release\inflate.obj
c:\users\bruna\desktop\tese\cpu_implementation\build5\contrib\assimp3.3.1\contrib\zlib\zlibstatic.dir\release\gzwrite.obj
c:\users\bruna\desktop\tese\cpu_implementation\build5\contrib\assimp3.3.1\contrib\zlib\zlibstatic.dir\release\uncompr.obj
c:\users\bruna\desktop\tese\cpu_implementation\build5\contrib\assimp3.3.1\contrib\zlib\zlibstatic.dir\release\inftrees.obj
c:\users\bruna\desktop\tese\cpu_implementation\build5\contrib\assimp3.3.1\contrib\zlib\zlibstatic.dir\release\deflate.obj
c:\users\bruna\desktop\tese\cpu_implementation\build5\contrib\assimp3.3.1\contrib\zlib\zlibstatic.dir\release\gzread.obj
c:\users\bruna\desktop\tese\cpu_implementation\build5\contrib\assimp3.3.1\contrib\zlib\zlibstatic.dir\release\gzlib.obj
c:\users\bruna\desktop\tese\cpu_implementation\build5\contrib\assimp3.3.1\contrib\zlib\zlibstatic.dir\release\infback.obj
c:\users\bruna\desktop\tese\cpu_implementation\build5\contrib\assimp3.3.1\contrib\zlib\zlibstatic.dir\release\crc32.obj
c:\users\bruna\desktop\tese\cpu_implementation\build5\contrib\assimp3.3.1\contrib\zlib\zlibstatic.dir\release\adler32.obj
c:\users\bruna\desktop\tese\cpu_implementation\build5\contrib\assimp3.3.1\contrib\zlib\zlibstatic.dir\release\gzclose.obj
c:\users\bruna\desktop\tese\cpu_implementation\build5\contrib\assimp3.3.1\contrib\zlib\zlibstatic.dir\release\zutil.obj
c:\users\bruna\desktop\tese\cpu_implementation\build5\contrib\assimp3.3.1\contrib\zlib\zlibstatic.dir\release\inffast.obj
c:\users\bruna\desktop\tese\cpu_implementation\build5\contrib\assimp3.3.1\contrib\zlib\zlibstatic.dir\release\trees.obj
c:\users\bruna\desktop\tese\cpu_implementation\build5\contrib\assimp3.3.1\contrib\zlib\cmakefiles\generate.stamp
c:\users\bruna\desktop\tese\cpu_implementation\build5\contrib\assimp3.3.1\contrib\zlib\release\zlibstatic.lib
c:\users\bruna\desktop\tese\cpu_implementation\build5\contrib\assimp3.3.1\contrib\zlib\zlibstatic.dir\release\zlibstatic.tlog\cl.14184.write.1.tlog
c:\users\bruna\desktop\tese\cpu_implementation\build5\contrib\assimp3.3.1\contrib\zlib\zlibstatic.dir\release\zlibstatic.tlog\cl.command.1.tlog
c:\users\bruna\desktop\tese\cpu_implementation\build5\contrib\assimp3.3.1\contrib\zlib\zlibstatic.dir\release\zlibstatic.tlog\cl.read.1.tlog
c:\users\bruna\desktop\tese\cpu_implementation\build5\contrib\assimp3.3.1\contrib\zlib\zlibstatic.dir\release\zlibstatic.tlog\custombuild.command.1.tlog
c:\users\bruna\desktop\tese\cpu_implementation\build5\contrib\assimp3.3.1\contrib\zlib\zlibstatic.dir\release\zlibstatic.tlog\custombuild.read.1.tlog
c:\users\bruna\desktop\tese\cpu_implementation\build5\contrib\assimp3.3.1\contrib\zlib\zlibstatic.dir\release\zlibstatic.tlog\custombuild.write.1.tlog
c:\users\bruna\desktop\tese\cpu_implementation\build5\contrib\assimp3.3.1\contrib\zlib\zlibstatic.dir\release\zlibstatic.tlog\lib-link.read.1.tlog
c:\users\bruna\desktop\tese\cpu_implementation\build5\contrib\assimp3.3.1\contrib\zlib\zlibstatic.dir\release\zlibstatic.tlog\lib-link.write.1.tlog
c:\users\bruna\desktop\tese\cpu_implementation\build5\contrib\assimp3.3.1\contrib\zlib\zlibstatic.dir\release\zlibstatic.tlog\lib.command.1.tlog
