c:\users\bruna\desktop\tese\cpu_implementation\build5\vsl\vsl.dir\release\vssurfrevlib.obj
c:\users\bruna\desktop\tese\cpu_implementation\build5\vsl\vsl.dir\release\vsshaderlib.obj
c:\users\bruna\desktop\tese\cpu_implementation\build5\vsl\vsl.dir\release\vsresourcelib.obj
c:\users\bruna\desktop\tese\cpu_implementation\build5\vsl\vsl.dir\release\vsprofilelib.obj
c:\users\bruna\desktop\tese\cpu_implementation\build5\vsl\vsl.dir\release\vsmodellib.obj
c:\users\bruna\desktop\tese\cpu_implementation\build5\vsl\vsl.dir\release\vsmathlib.obj
c:\users\bruna\desktop\tese\cpu_implementation\build5\vsl\vsl.dir\release\vsloglib.obj
c:\users\bruna\desktop\tese\cpu_implementation\build5\vsl\vsl.dir\release\vsgeometrylib.obj
c:\users\bruna\desktop\tese\cpu_implementation\build5\vsl\vsl.dir\release\vsglinfolib.obj
c:\users\bruna\desktop\tese\cpu_implementation\build5\vsl\vsl.dir\release\vsfontlib.obj
c:\users\bruna\desktop\tese\cpu_implementation\build5\vsl\cmakefiles\generate.stamp
c:\users\bruna\desktop\tese\cpu_implementation\build5\vsl\release\vsl.lib
c:\users\bruna\desktop\tese\cpu_implementation\build5\vsl\vsl.dir\release\vsl.tlog\cl.command.1.tlog
c:\users\bruna\desktop\tese\cpu_implementation\build5\vsl\vsl.dir\release\vsl.tlog\cl.read.1.tlog
c:\users\bruna\desktop\tese\cpu_implementation\build5\vsl\vsl.dir\release\vsl.tlog\cl.write.1.tlog
c:\users\bruna\desktop\tese\cpu_implementation\build5\vsl\vsl.dir\release\vsl.tlog\custombuild.command.1.tlog
c:\users\bruna\desktop\tese\cpu_implementation\build5\vsl\vsl.dir\release\vsl.tlog\custombuild.read.1.tlog
c:\users\bruna\desktop\tese\cpu_implementation\build5\vsl\vsl.dir\release\vsl.tlog\custombuild.write.1.tlog
c:\users\bruna\desktop\tese\cpu_implementation\build5\vsl\vsl.dir\release\vsl.tlog\lib-link.read.1.tlog
c:\users\bruna\desktop\tese\cpu_implementation\build5\vsl\vsl.dir\release\vsl.tlog\lib-link.write.1.tlog
c:\users\bruna\desktop\tese\cpu_implementation\build5\vsl\vsl.dir\release\vsl.tlog\lib.command.1.tlog
