c:\users\bruna\desktop\tese\cpu_implementation\build5\contrib\assimp3.3.1\code\debug\assimp-vc140-mtd.pdb
c:\users\bruna\desktop\tese\cpu_implementation\build5\contrib\assimp3.3.1\code\assimp.dir\debug\ifcreadergen.obj
c:\users\bruna\desktop\tese\cpu_implementation\build5\contrib\assimp3.3.1\code\assimp.dir\debug\sgspatialsort.obj
c:\users\bruna\desktop\tese\cpu_implementation\build5\contrib\assimp3.3.1\code\assimp.dir\debug\scenepreprocessor.obj
c:\users\bruna\desktop\tese\cpu_implementation\build5\contrib\assimp3.3.1\code\assimp.dir\debug\subdivision.obj
c:\users\bruna\desktop\tese\cpu_implementation\build5\contrib\assimp3.3.1\code\assimp.dir\debug\improvecachelocality.obj
c:\users\bruna\desktop\tese\cpu_implementation\build5\contrib\assimp3.3.1\code\assimp.dir\debug\optimizemeshes.obj
c:\users\bruna\desktop\tese\cpu_implementation\build5\contrib\assimp3.3.1\code\assimp.dir\debug\assbinloader.obj
c:\users\bruna\desktop\tese\cpu_implementation\build5\contrib\assimp3.3.1\code\assimp.dir\debug\colladaexporter.obj
c:\users\bruna\desktop\tese\cpu_implementation\build5\contrib\assimp3.3.1\code\assimp.dir\debug\md2loader.obj
c:\users\bruna\desktop\tese\cpu_implementation\build5\contrib\assimp3.3.1\code\assimp.dir\debug\offloader.obj
c:\users\bruna\desktop\tese\cpu_implementation\build5\contrib\assimp3.3.1\code\assimp.dir\debug\opengeximporter.obj
c:\users\bruna\desktop\tese\cpu_implementation\build5\contrib\assimp3.3.1\code\assimp.dir\debug\blenderscene.obj
c:\users\bruna\desktop\tese\cpu_implementation\build5\contrib\assimp3.3.1\code\assimp.dir\debug\fbximporter.obj
c:\users\bruna\desktop\tese\cpu_implementation\build5\contrib\assimp3.3.1\code\assimp.dir\debug\fbxdocument.obj
c:\users\bruna\desktop\tese\cpu_implementation\build5\contrib\assimp3.3.1\code\assimp.dir\debug\stlloader.obj
c:\users\bruna\desktop\tese\cpu_implementation\build5\contrib\assimp3.3.1\code\assimp.dir\debug\irrxml.obj
c:\users\bruna\desktop\tese\cpu_implementation\build5\contrib\assimp3.3.1\code\assimp.dir\debug\clipper.obj
c:\users\bruna\desktop\tese\cpu_implementation\build5\contrib\assimp3.3.1\code\assimp.dir\debug\importerregistry.obj
c:\users\bruna\desktop\tese\cpu_implementation\build5\contrib\assimp3.3.1\code\assimp.dir\debug\validatedatastructure.obj
c:\users\bruna\desktop\tese\cpu_implementation\build5\contrib\assimp3.3.1\code\assimp.dir\debug\aseparser.obj
c:\users\bruna\desktop\tese\cpu_implementation\build5\contrib\assimp3.3.1\code\assimp.dir\debug\irrshared.obj
c:\users\bruna\desktop\tese\cpu_implementation\build5\contrib\assimp3.3.1\code\assimp.dir\debug\mdcloader.obj
c:\users\bruna\desktop\tese\cpu_implementation\build5\contrib\assimp3.3.1\code\assimp.dir\debug\objfileparser.obj
c:\users\bruna\desktop\tese\cpu_implementation\build5\contrib\assimp3.3.1\code\assimp.dir\debug\cobloader.obj
c:\users\bruna\desktop\tese\cpu_implementation\build5\contrib\assimp3.3.1\code\assimp.dir\debug\ifccurve.obj
c:\users\bruna\desktop\tese\cpu_implementation\build5\contrib\assimp3.3.1\code\assimp.dir\debug\fbxnodeattribute.obj
c:\users\bruna\desktop\tese\cpu_implementation\build5\contrib\assimp3.3.1\code\assimp.dir\debug\sibimporter.obj
c:\users\bruna\desktop\tese\cpu_implementation\build5\contrib\assimp3.3.1\code\assimp.dir\debug\cdt.obj
c:\users\bruna\desktop\tese\cpu_implementation\build5\contrib\assimp3.3.1\code\assimp.dir\debug\openddlparser.obj
c:\users\bruna\desktop\tese\cpu_implementation\build5\contrib\assimp3.3.1\code\assimp.dir\debug\poststepregistry.obj
c:\users\bruna\desktop\tese\cpu_implementation\build5\contrib\assimp3.3.1\code\assimp.dir\debug\bitmap.obj
c:\users\bruna\desktop\tese\cpu_implementation\build5\contrib\assimp3.3.1\code\assimp.dir\debug\finddegenerates.obj
c:\users\bruna\desktop\tese\cpu_implementation\build5\contrib\assimp3.3.1\code\assimp.dir\debug\splitlargemeshes.obj
c:\users\bruna\desktop\tese\cpu_implementation\build5\contrib\assimp3.3.1\code\assimp.dir\debug\3dsconverter.obj
c:\users\bruna\desktop\tese\cpu_implementation\build5\contrib\assimp3.3.1\code\assimp.dir\debug\colladaloader.obj
c:\users\bruna\desktop\tese\cpu_implementation\build5\contrib\assimp3.3.1\code\assimp.dir\debug\nffloader.obj
c:\users\bruna\desktop\tese\cpu_implementation\build5\contrib\assimp3.3.1\code\assimp.dir\debug\plyparser.obj
c:\users\bruna\desktop\tese\cpu_implementation\build5\contrib\assimp3.3.1\code\assimp.dir\debug\blendertessellator.obj
c:\users\bruna\desktop\tese\cpu_implementation\build5\contrib\assimp3.3.1\code\assimp.dir\debug\stepfilereader.obj
c:\users\bruna\desktop\tese\cpu_implementation\build5\contrib\assimp3.3.1\code\assimp.dir\debug\fbxmeshgeometry.obj
c:\users\bruna\desktop\tese\cpu_implementation\build5\contrib\assimp3.3.1\code\assimp.dir\debug\rawloader.obj
c:\users\bruna\desktop\tese\cpu_implementation\build5\contrib\assimp3.3.1\code\assimp.dir\debug\d3mfopcpackage.obj
c:\users\bruna\desktop\tese\cpu_implementation\build5\contrib\assimp3.3.1\code\assimp.dir\debug\openddlcommon.obj
c:\users\bruna\desktop\tese\cpu_implementation\build5\contrib\assimp3.3.1\code\assimp.dir\debug\baseimporter.obj
c:\users\bruna\desktop\tese\cpu_implementation\build5\contrib\assimp3.3.1\code\assimp.dir\debug\computeuvmappingprocess.obj
c:\users\bruna\desktop\tese\cpu_implementation\build5\contrib\assimp3.3.1\code\assimp.dir\debug\pretransformvertices.obj
c:\users\bruna\desktop\tese\cpu_implementation\build5\contrib\assimp3.3.1\code\assimp.dir\debug\processhelper.obj
c:\users\bruna\desktop\tese\cpu_implementation\build5\contrib\assimp3.3.1\code\assimp.dir\debug\assxmlexporter.obj
c:\users\bruna\desktop\tese\cpu_implementation\build5\contrib\assimp3.3.1\code\assimp.dir\debug\irrloader.obj
c:\users\bruna\desktop\tese\cpu_implementation\build5\contrib\assimp3.3.1\code\assimp.dir\debug\ndoloader.obj
c:\users\bruna\desktop\tese\cpu_implementation\build5\contrib\assimp3.3.1\code\assimp.dir\debug\opengexexporter.obj
c:\users\bruna\desktop\tese\cpu_implementation\build5\contrib\assimp3.3.1\code\assimp.dir\debug\plyexporter.obj
c:\users\bruna\desktop\tese\cpu_implementation\build5\contrib\assimp3.3.1\code\assimp.dir\debug\ifcprofile.obj
c:\users\bruna\desktop\tese\cpu_implementation\build5\contrib\assimp3.3.1\code\assimp.dir\debug\fbxconverter.obj
c:\users\bruna\desktop\tese\cpu_implementation\build5\contrib\assimp3.3.1\code\assimp.dir\debug\gltfimporter.obj
c:\users\bruna\desktop\tese\cpu_implementation\build5\contrib\assimp3.3.1\code\assimp.dir\debug\assimp.obj
c:\users\bruna\desktop\tese\cpu_implementation\build5\contrib\assimp3.3.1\code\assimp.dir\debug\version.obj
c:\users\bruna\desktop\tese\cpu_implementation\build5\contrib\assimp3.3.1\code\assimp.dir\debug\findinvaliddataprocess.obj
c:\users\bruna\desktop\tese\cpu_implementation\build5\contrib\assimp3.3.1\code\assimp.dir\debug\removeredundantmaterials.obj
c:\users\bruna\desktop\tese\cpu_implementation\build5\contrib\assimp3.3.1\code\assimp.dir\debug\stepexporter.obj
c:\users\bruna\desktop\tese\cpu_implementation\build5\contrib\assimp3.3.1\code\assimp.dir\debug\colladaparser.obj
c:\users\bruna\desktop\tese\cpu_implementation\build5\contrib\assimp3.3.1\code\assimp.dir\debug\objfileimporter.obj
c:\users\bruna\desktop\tese\cpu_implementation\build5\contrib\assimp3.3.1\code\assimp.dir\debug\plyloader.obj
c:\users\bruna\desktop\tese\cpu_implementation\build5\contrib\assimp3.3.1\code\assimp.dir\debug\ifcutil.obj
c:\users\bruna\desktop\tese\cpu_implementation\build5\contrib\assimp3.3.1\code\assimp.dir\debug\fbxanimation.obj
c:\users\bruna\desktop\tese\cpu_implementation\build5\contrib\assimp3.3.1\code\assimp.dir\debug\q3bspziparchive.obj
c:\users\bruna\desktop\tese\cpu_implementation\build5\contrib\assimp3.3.1\code\assimp.dir\debug\xfileimporter.obj
c:\users\bruna\desktop\tese\cpu_implementation\build5\contrib\assimp3.3.1\code\assimp.dir\debug\ddlnode.obj
c:\users\bruna\desktop\tese\cpu_implementation\build5\contrib\assimp3.3.1\code\assimp.dir\debug\scenecombiner.obj
c:\users\bruna\desktop\tese\cpu_implementation\build5\contrib\assimp3.3.1\code\assimp.dir\debug\assimpcexport.obj
c:\users\bruna\desktop\tese\cpu_implementation\build5\contrib\assimp3.3.1\code\assimp.dir\debug\genfacenormalsprocess.obj
c:\users\bruna\desktop\tese\cpu_implementation\build5\contrib\assimp3.3.1\code\assimp.dir\debug\sortbyptypeprocess.obj
c:\users\bruna\desktop\tese\cpu_implementation\build5\contrib\assimp3.3.1\code\assimp.dir\debug\3dsloader.obj
c:\users\bruna\desktop\tese\cpu_implementation\build5\contrib\assimp3.3.1\code\assimp.dir\debug\dxfloader.obj
c:\users\bruna\desktop\tese\cpu_implementation\build5\contrib\assimp3.3.1\code\assimp.dir\debug\mdlloader.obj
c:\users\bruna\desktop\tese\cpu_implementation\build5\contrib\assimp3.3.1\code\assimp.dir\debug\ogrematerial.obj
c:\users\bruna\desktop\tese\cpu_implementation\build5\contrib\assimp3.3.1\code\assimp.dir\debug\blenderbmesh.obj
c:\users\bruna\desktop\tese\cpu_implementation\build5\contrib\assimp3.3.1\code\assimp.dir\debug\ifcopenings.obj
c:\users\bruna\desktop\tese\cpu_implementation\build5\contrib\assimp3.3.1\code\assimp.dir\debug\stlexporter.obj
c:\users\bruna\desktop\tese\cpu_implementation\build5\contrib\assimp3.3.1\code\assimp.dir\debug\advancing_front.obj
c:\users\bruna\desktop\tese\cpu_implementation\build5\contrib\assimp3.3.1\code\assimp.dir\debug\sweep_context.obj
c:\users\bruna\desktop\tese\cpu_implementation\build5\contrib\assimp3.3.1\code\assimp.dir\debug\baseprocess.obj
c:\users\bruna\desktop\tese\cpu_implementation\build5\contrib\assimp3.3.1\code\assimp.dir\debug\removecomments.obj
c:\users\bruna\desktop\tese\cpu_implementation\build5\contrib\assimp3.3.1\code\assimp.dir\debug\converttolhprocess.obj
c:\users\bruna\desktop\tese\cpu_implementation\build5\contrib\assimp3.3.1\code\assimp.dir\debug\genvertexnormalsprocess.obj
c:\users\bruna\desktop\tese\cpu_implementation\build5\contrib\assimp3.3.1\code\assimp.dir\debug\optimizegraph.obj
c:\users\bruna\desktop\tese\cpu_implementation\build5\contrib\assimp3.3.1\code\assimp.dir\debug\bvhloader.obj
c:\users\bruna\desktop\tese\cpu_implementation\build5\contrib\assimp3.3.1\code\assimp.dir\debug\lwobloader.obj
c:\users\bruna\desktop\tese\cpu_implementation\build5\contrib\assimp3.3.1\code\assimp.dir\debug\md5loader.obj
c:\users\bruna\desktop\tese\cpu_implementation\build5\contrib\assimp3.3.1\code\assimp.dir\debug\objfilemtlimporter.obj
c:\users\bruna\desktop\tese\cpu_implementation\build5\contrib\assimp3.3.1\code\assimp.dir\debug\ms3dloader.obj
c:\users\bruna\desktop\tese\cpu_implementation\build5\contrib\assimp3.3.1\code\assimp.dir\debug\ifcmaterial.obj
c:\users\bruna\desktop\tese\cpu_implementation\build5\contrib\assimp3.3.1\code\assimp.dir\debug\fbxtokenizer.obj
c:\users\bruna\desktop\tese\cpu_implementation\build5\contrib\assimp3.3.1\code\assimp.dir\debug\fbxdeformer.obj
c:\users\bruna\desktop\tese\cpu_implementation\build5\contrib\assimp3.3.1\code\assimp.dir\debug\terragenloader.obj
c:\users\bruna\desktop\tese\cpu_implementation\build5\contrib\assimp3.3.1\code\assimp.dir\debug\gltfexporter.obj
c:\users\bruna\desktop\tese\cpu_implementation\build5\contrib\assimp3.3.1\code\assimp.dir\debug\defaultiosystem.obj
c:\users\bruna\desktop\tese\cpu_implementation\build5\contrib\assimp3.3.1\code\assimp.dir\debug\standardshapes.obj
c:\users\bruna\desktop\tese\cpu_implementation\build5\contrib\assimp3.3.1\code\assimp.dir\debug\exporter.obj
c:\users\bruna\desktop\tese\cpu_implementation\build5\contrib\assimp3.3.1\code\assimp.dir\debug\limitboneweightsprocess.obj
c:\users\bruna\desktop\tese\cpu_implementation\build5\contrib\assimp3.3.1\code\assimp.dir\debug\materialsystem.obj
c:\users\bruna\desktop\tese\cpu_implementation\build5\contrib\assimp3.3.1\code\assimp.dir\debug\assbinexporter.obj
c:\users\bruna\desktop\tese\cpu_implementation\build5\contrib\assimp3.3.1\code\assimp.dir\debug\irrmeshloader.obj
c:\users\bruna\desktop\tese\cpu_implementation\build5\contrib\assimp3.3.1\code\assimp.dir\debug\md3loader.obj
c:\users\bruna\desktop\tese\cpu_implementation\build5\contrib\assimp3.3.1\code\assimp.dir\debug\ogrestructs.obj
c:\users\bruna\desktop\tese\cpu_implementation\build5\contrib\assimp3.3.1\code\assimp.dir\debug\ifcloader.obj
c:\users\bruna\desktop\tese\cpu_implementation\build5\contrib\assimp3.3.1\code\assimp.dir\debug\fbxproperties.obj
c:\users\bruna\desktop\tese\cpu_implementation\build5\contrib\assimp3.3.1\code\assimp.dir\debug\smdloader.obj
c:\users\bruna\desktop\tese\cpu_implementation\build5\contrib\assimp3.3.1\code\assimp.dir\debug\shapes.obj
c:\users\bruna\desktop\tese\cpu_implementation\build5\contrib\assimp3.3.1\code\assimp.dir\debug\value.obj
c:\users\bruna\desktop\tese\cpu_implementation\build5\contrib\assimp3.3.1\code\assimp.dir\debug\importer.obj
c:\users\bruna\desktop\tese\cpu_implementation\build5\contrib\assimp3.3.1\code\assimp.dir\debug\findinstancesprocess.obj
c:\users\bruna\desktop\tese\cpu_implementation\build5\contrib\assimp3.3.1\code\assimp.dir\debug\removevcprocess.obj
c:\users\bruna\desktop\tese\cpu_implementation\build5\contrib\assimp3.3.1\code\assimp.dir\debug\deboneprocess.obj
c:\users\bruna\desktop\tese\cpu_implementation\build5\contrib\assimp3.3.1\code\assimp.dir\debug\b3dimporter.obj
c:\users\bruna\desktop\tese\cpu_implementation\build5\contrib\assimp3.3.1\code\assimp.dir\debug\lwoloader.obj
c:\users\bruna\desktop\tese\cpu_implementation\build5\contrib\assimp3.3.1\code\assimp.dir\debug\objexporter.obj
c:\users\bruna\desktop\tese\cpu_implementation\build5\contrib\assimp3.3.1\code\assimp.dir\debug\blenderloader.obj
c:\users\bruna\desktop\tese\cpu_implementation\build5\contrib\assimp3.3.1\code\assimp.dir\debug\xglloader.obj
c:\users\bruna\desktop\tese\cpu_implementation\build5\contrib\assimp3.3.1\code\assimp.dir\debug\fbxutil.obj
c:\users\bruna\desktop\tese\cpu_implementation\build5\contrib\assimp3.3.1\code\assimp.dir\debug\fbxbinarytokenizer.obj
c:\users\bruna\desktop\tese\cpu_implementation\build5\contrib\assimp3.3.1\code\assimp.dir\debug\q3dloader.obj
c:\users\bruna\desktop\tese\cpu_implementation\build5\contrib\assimp3.3.1\code\assimp.dir\debug\xfileexporter.obj
c:\users\bruna\desktop\tese\cpu_implementation\build5\contrib\assimp3.3.1\code\assimp.dir\debug\defaultiostream.obj
c:\users\bruna\desktop\tese\cpu_implementation\build5\contrib\assimp3.3.1\code\assimp.dir\debug\skeletonmeshbuilder.obj
c:\users\bruna\desktop\tese\cpu_implementation\build5\contrib\assimp3.3.1\code\assimp.dir\debug\defaultlogger.obj
c:\users\bruna\desktop\tese\cpu_implementation\build5\contrib\assimp3.3.1\code\assimp.dir\debug\triangulateprocess.obj
c:\users\bruna\desktop\tese\cpu_implementation\build5\contrib\assimp3.3.1\code\assimp.dir\debug\acloader.obj
c:\users\bruna\desktop\tese\cpu_implementation\build5\contrib\assimp3.3.1\code\assimp.dir\debug\csmloader.obj
c:\users\bruna\desktop\tese\cpu_implementation\build5\contrib\assimp3.3.1\code\assimp.dir\debug\lwsloader.obj
c:\users\bruna\desktop\tese\cpu_implementation\build5\contrib\assimp3.3.1\code\assimp.dir\debug\ogreimporter.obj
c:\users\bruna\desktop\tese\cpu_implementation\build5\contrib\assimp3.3.1\code\assimp.dir\debug\blenderdna.obj
c:\users\bruna\desktop\tese\cpu_implementation\build5\contrib\assimp3.3.1\code\assimp.dir\debug\ifcboolean.obj
c:\users\bruna\desktop\tese\cpu_implementation\build5\contrib\assimp3.3.1\code\assimp.dir\debug\fbxdocumentutil.obj
c:\users\bruna\desktop\tese\cpu_implementation\build5\contrib\assimp3.3.1\code\assimp.dir\debug\unrealloader.obj
c:\users\bruna\desktop\tese\cpu_implementation\build5\contrib\assimp3.3.1\code\assimp.dir\debug\sweep.obj
c:\users\bruna\desktop\tese\cpu_implementation\build5\contrib\assimp3.3.1\code\assimp.dir\debug\spatialsort.obj
c:\users\bruna\desktop\tese\cpu_implementation\build5\contrib\assimp3.3.1\code\assimp.dir\debug\splitbybonecountprocess.obj
c:\users\bruna\desktop\tese\cpu_implementation\build5\contrib\assimp3.3.1\code\assimp.dir\debug\fixnormalsstep.obj
c:\users\bruna\desktop\tese\cpu_implementation\build5\contrib\assimp3.3.1\code\assimp.dir\debug\texturetransform.obj
c:\users\bruna\desktop\tese\cpu_implementation\build5\contrib\assimp3.3.1\code\assimp.dir\debug\3dsexporter.obj
c:\users\bruna\desktop\tese\cpu_implementation\build5\contrib\assimp3.3.1\code\assimp.dir\debug\hmploader.obj
c:\users\bruna\desktop\tese\cpu_implementation\build5\contrib\assimp3.3.1\code\assimp.dir\debug\lwomaterial.obj
c:\users\bruna\desktop\tese\cpu_implementation\build5\contrib\assimp3.3.1\code\assimp.dir\debug\mdlmaterialloader.obj
c:\users\bruna\desktop\tese\cpu_implementation\build5\contrib\assimp3.3.1\code\assimp.dir\debug\ogrexmlserializer.obj
c:\users\bruna\desktop\tese\cpu_implementation\build5\contrib\assimp3.3.1\code\assimp.dir\debug\blendermodifier.obj
c:\users\bruna\desktop\tese\cpu_implementation\build5\contrib\assimp3.3.1\code\assimp.dir\debug\stepfileencoding.obj
c:\users\bruna\desktop\tese\cpu_implementation\build5\contrib\assimp3.3.1\code\assimp.dir\debug\fbxparser.obj
c:\users\bruna\desktop\tese\cpu_implementation\build5\contrib\assimp3.3.1\code\assimp.dir\debug\fbxmaterial.obj
c:\users\bruna\desktop\tese\cpu_implementation\build5\contrib\assimp3.3.1\code\assimp.dir\debug\q3bspfileparser.obj
c:\users\bruna\desktop\tese\cpu_implementation\build5\contrib\assimp3.3.1\code\assimp.dir\debug\xfileparser.obj
c:\users\bruna\desktop\tese\cpu_implementation\build5\contrib\assimp3.3.1\code\assimp.dir\debug\openddlexport.obj
c:\users\bruna\desktop\tese\cpu_implementation\build5\contrib\assimp3.3.1\code\assimp.dir\debug\vertextriangleadjacency.obj
c:\users\bruna\desktop\tese\cpu_implementation\build5\contrib\assimp3.3.1\code\assimp.dir\debug\targetanimation.obj
c:\users\bruna\desktop\tese\cpu_implementation\build5\contrib\assimp3.3.1\code\assimp.dir\debug\calctangentsprocess.obj
c:\users\bruna\desktop\tese\cpu_implementation\build5\contrib\assimp3.3.1\code\assimp.dir\debug\joinverticesprocess.obj
c:\users\bruna\desktop\tese\cpu_implementation\build5\contrib\assimp3.3.1\code\assimp.dir\debug\makeverboseformat.obj
c:\users\bruna\desktop\tese\cpu_implementation\build5\contrib\assimp3.3.1\code\assimp.dir\debug\aseloader.obj
c:\users\bruna\desktop\tese\cpu_implementation\build5\contrib\assimp3.3.1\code\assimp.dir\debug\lwoanimation.obj
c:\users\bruna\desktop\tese\cpu_implementation\build5\contrib\assimp3.3.1\code\assimp.dir\debug\md5parser.obj
c:\users\bruna\desktop\tese\cpu_implementation\build5\contrib\assimp3.3.1\code\assimp.dir\debug\ogrebinaryserializer.obj
c:\users\bruna\desktop\tese\cpu_implementation\build5\contrib\assimp3.3.1\code\assimp.dir\debug\ifcgeometry.obj
c:\users\bruna\desktop\tese\cpu_implementation\build5\contrib\assimp3.3.1\code\assimp.dir\debug\fbxmodel.obj
c:\users\bruna\desktop\tese\cpu_implementation\build5\contrib\assimp3.3.1\code\assimp.dir\debug\q3bspfileimporter.obj
c:\users\bruna\desktop\tese\cpu_implementation\build5\contrib\assimp3.3.1\code\assimp.dir\debug\d3mfimporter.obj
c:\users\bruna\desktop\tese\cpu_implementation\build5\contrib\assimp3.3.1\code\assimp.dir\debug\ioapi.obj
c:\users\bruna\desktop\tese\cpu_implementation\build5\contrib\assimp3.3.1\code\assimp.dir\debug\convertutf.obj
c:\users\bruna\desktop\tese\cpu_implementation\build5\contrib\assimp3.3.1\code\assimp.dir\debug\unzip.obj
c:\users\bruna\desktop\tese\cpu_implementation\build5\contrib\assimp3.3.1\code\cmakefiles\generate.stamp
c:\users\bruna\desktop\tese\cpu_implementation\build5\contrib\assimp3.3.1\code\debug\assimp-vc140-mtd.lib
c:\users\bruna\desktop\tese\cpu_implementation\build5\contrib\assimp3.3.1\code\assimp.dir\debug\assimp.tlog\cl.command.1.tlog
c:\users\bruna\desktop\tese\cpu_implementation\build5\contrib\assimp3.3.1\code\assimp.dir\debug\assimp.tlog\cl.read.1.tlog
c:\users\bruna\desktop\tese\cpu_implementation\build5\contrib\assimp3.3.1\code\assimp.dir\debug\assimp.tlog\cl.write.1.tlog
c:\users\bruna\desktop\tese\cpu_implementation\build5\contrib\assimp3.3.1\code\assimp.dir\debug\assimp.tlog\custombuild.command.1.tlog
c:\users\bruna\desktop\tese\cpu_implementation\build5\contrib\assimp3.3.1\code\assimp.dir\debug\assimp.tlog\custombuild.read.1.tlog
c:\users\bruna\desktop\tese\cpu_implementation\build5\contrib\assimp3.3.1\code\assimp.dir\debug\assimp.tlog\custombuild.write.1.tlog
c:\users\bruna\desktop\tese\cpu_implementation\build5\contrib\assimp3.3.1\code\assimp.dir\debug\assimp.tlog\lib-link.read.1.tlog
c:\users\bruna\desktop\tese\cpu_implementation\build5\contrib\assimp3.3.1\code\assimp.dir\debug\assimp.tlog\lib-link.write.1.tlog
c:\users\bruna\desktop\tese\cpu_implementation\build5\contrib\assimp3.3.1\code\assimp.dir\debug\assimp.tlog\lib.command.1.tlog
