c:\users\bruna\desktop\tese\cpu_implementation\build5\contrib\assimp3.3.1\contrib\zlib\zlibstatic.dir\debug\compress.obj
c:\users\bruna\desktop\tese\cpu_implementation\build5\contrib\assimp3.3.1\contrib\zlib\zlibstatic.dir\debug\trees.obj
c:\users\bruna\desktop\tese\cpu_implementation\build5\contrib\assimp3.3.1\contrib\zlib\zlibstatic.dir\debug\infback.obj
c:\users\bruna\desktop\tese\cpu_implementation\build5\contrib\assimp3.3.1\contrib\zlib\zlibstatic.dir\debug\uncompr.obj
c:\users\bruna\desktop\tese\cpu_implementation\build5\contrib\assimp3.3.1\contrib\zlib\zlibstatic.dir\debug\adler32.obj
c:\users\bruna\desktop\tese\cpu_implementation\build5\contrib\assimp3.3.1\contrib\zlib\zlibstatic.dir\debug\inftrees.obj
c:\users\bruna\desktop\tese\cpu_implementation\build5\contrib\assimp3.3.1\contrib\zlib\zlibstatic.dir\debug\gzread.obj
c:\users\bruna\desktop\tese\cpu_implementation\build5\contrib\assimp3.3.1\contrib\zlib\zlibstatic.dir\debug\deflate.obj
c:\users\bruna\desktop\tese\cpu_implementation\build5\contrib\assimp3.3.1\contrib\zlib\zlibstatic.dir\debug\zutil.obj
c:\users\bruna\desktop\tese\cpu_implementation\build5\contrib\assimp3.3.1\contrib\zlib\zlibstatic.dir\debug\crc32.obj
c:\users\bruna\desktop\tese\cpu_implementation\build5\contrib\assimp3.3.1\contrib\zlib\zlibstatic.dir\debug\gzwrite.obj
c:\users\bruna\desktop\tese\cpu_implementation\build5\contrib\assimp3.3.1\contrib\zlib\zlibstatic.dir\debug\gzclose.obj
c:\users\bruna\desktop\tese\cpu_implementation\build5\contrib\assimp3.3.1\contrib\zlib\zlibstatic.dir\debug\gzlib.obj
c:\users\bruna\desktop\tese\cpu_implementation\build5\contrib\assimp3.3.1\contrib\zlib\zlibstatic.dir\debug\inffast.obj
c:\users\bruna\desktop\tese\cpu_implementation\build5\contrib\assimp3.3.1\contrib\zlib\zlibstatic.dir\debug\inflate.obj
c:\users\bruna\desktop\tese\cpu_implementation\build5\contrib\assimp3.3.1\contrib\zlib\debug\zlibstaticd.pdb
c:\users\bruna\desktop\tese\cpu_implementation\build5\contrib\assimp3.3.1\contrib\zlib\cmakefiles\generate.stamp
c:\users\bruna\desktop\tese\cpu_implementation\build5\contrib\assimp3.3.1\contrib\zlib\debug\zlibstaticd.lib
c:\users\bruna\desktop\tese\cpu_implementation\build5\contrib\assimp3.3.1\contrib\zlib\zlibstatic.dir\debug\zlibstatic.tlog\cl.10068.write.1.tlog
c:\users\bruna\desktop\tese\cpu_implementation\build5\contrib\assimp3.3.1\contrib\zlib\zlibstatic.dir\debug\zlibstatic.tlog\cl.command.1.tlog
c:\users\bruna\desktop\tese\cpu_implementation\build5\contrib\assimp3.3.1\contrib\zlib\zlibstatic.dir\debug\zlibstatic.tlog\cl.read.1.tlog
c:\users\bruna\desktop\tese\cpu_implementation\build5\contrib\assimp3.3.1\contrib\zlib\zlibstatic.dir\debug\zlibstatic.tlog\custombuild.command.1.tlog
c:\users\bruna\desktop\tese\cpu_implementation\build5\contrib\assimp3.3.1\contrib\zlib\zlibstatic.dir\debug\zlibstatic.tlog\custombuild.read.1.tlog
c:\users\bruna\desktop\tese\cpu_implementation\build5\contrib\assimp3.3.1\contrib\zlib\zlibstatic.dir\debug\zlibstatic.tlog\custombuild.write.1.tlog
c:\users\bruna\desktop\tese\cpu_implementation\build5\contrib\assimp3.3.1\contrib\zlib\zlibstatic.dir\debug\zlibstatic.tlog\lib-link.read.1.tlog
c:\users\bruna\desktop\tese\cpu_implementation\build5\contrib\assimp3.3.1\contrib\zlib\zlibstatic.dir\debug\zlibstatic.tlog\lib-link.write.1.tlog
c:\users\bruna\desktop\tese\cpu_implementation\build5\contrib\assimp3.3.1\contrib\zlib\zlibstatic.dir\debug\zlibstatic.tlog\lib.command.1.tlog
