c:\users\bruna\desktop\tese\cpu_implementation\build5\vsl\debug\vsld.pdb
c:\users\bruna\desktop\tese\cpu_implementation\build5\vsl\vsl.dir\debug\vssurfrevlib.obj
c:\users\bruna\desktop\tese\cpu_implementation\build5\vsl\vsl.dir\debug\vsshaderlib.obj
c:\users\bruna\desktop\tese\cpu_implementation\build5\vsl\vsl.dir\debug\vsresourcelib.obj
c:\users\bruna\desktop\tese\cpu_implementation\build5\vsl\vsl.dir\debug\vsprofilelib.obj
c:\users\bruna\desktop\tese\cpu_implementation\build5\vsl\vsl.dir\debug\vsmodellib.obj
c:\users\bruna\desktop\tese\cpu_implementation\build5\vsl\vsl.dir\debug\vsmathlib.obj
c:\users\bruna\desktop\tese\cpu_implementation\build5\vsl\vsl.dir\debug\vsloglib.obj
c:\users\bruna\desktop\tese\cpu_implementation\build5\vsl\vsl.dir\debug\vsgeometrylib.obj
c:\users\bruna\desktop\tese\cpu_implementation\build5\vsl\vsl.dir\debug\vsglinfolib.obj
c:\users\bruna\desktop\tese\cpu_implementation\build5\vsl\vsl.dir\debug\vsfontlib.obj
c:\users\bruna\desktop\tese\cpu_implementation\build5\vsl\cmakefiles\generate.stamp
c:\users\bruna\desktop\tese\cpu_implementation\build5\vsl\debug\vsld.lib
c:\users\bruna\desktop\tese\cpu_implementation\build5\vsl\vsl.dir\debug\vsl.tlog\cl.command.1.tlog
c:\users\bruna\desktop\tese\cpu_implementation\build5\vsl\vsl.dir\debug\vsl.tlog\cl.read.1.tlog
c:\users\bruna\desktop\tese\cpu_implementation\build5\vsl\vsl.dir\debug\vsl.tlog\cl.write.1.tlog
c:\users\bruna\desktop\tese\cpu_implementation\build5\vsl\vsl.dir\debug\vsl.tlog\custombuild.command.1.tlog
c:\users\bruna\desktop\tese\cpu_implementation\build5\vsl\vsl.dir\debug\vsl.tlog\custombuild.read.1.tlog
c:\users\bruna\desktop\tese\cpu_implementation\build5\vsl\vsl.dir\debug\vsl.tlog\custombuild.write.1.tlog
c:\users\bruna\desktop\tese\cpu_implementation\build5\vsl\vsl.dir\debug\vsl.tlog\lib-link.read.1.tlog
c:\users\bruna\desktop\tese\cpu_implementation\build5\vsl\vsl.dir\debug\vsl.tlog\lib-link.write.1.tlog
c:\users\bruna\desktop\tese\cpu_implementation\build5\vsl\vsl.dir\debug\vsl.tlog\lib.command.1.tlog
